Upstream Connect Status Changed:
   Link Type is: HDMI/DVI


Sync Detect: ON

Clock Detect: ON


Rx HDCP  Version:
   HDCP version is: 2.2

Rx HDCP Status Changed:
   Rx HDCP Authenticating...

AV Mute Status Changed:
   AV Mute ON

Tx HDCP  Version:
   HDCP version is: 1.x

Tx HDCP Status Changed:
   Tx HDCP Authenticating...

Rx HDCP  Version:
   HDCP version is: 2.2

Rx HDCP Status Changed:
   Rx HDCP Authenticating...


AV Mute Status Changed:
   AV Mute OFF

Tx HDCP  Version:
   HDCP version is: 1.x

Tx HDCP Status Changed:
   Tx HDCP Authentication Done.

Rx HDCP  Version:
   HDCP version is: 2.2

Rx HDCP Status Changed:
   Rx HDCP Authenticating...


Rx HDCP  Version:
   HDCP version is: 2.2

Rx HDCP Status Changed:
   Rx HDCP Authentication Done.


